2023-02-01 12:33:31,514 - instabot version: 0.117.0 (bot) - INFO - Instabot version: 0.117.0 Started
2023-02-01 12:33:31,514 - instabot version: 0.117.0 (bot) - DEBUG - Bot imported from C:\Users\abdul\AppData\Local\Programs\Python\Python311\Lib\site-packages\instabot\bot\bot.py
2023-02-01 12:33:31,524 - instabot version: 0.117.0 (api_login) - DEBUG - Loading cookies
2023-02-01 12:33:31,525 - instabot version: 0.117.0 (api_login) - DEBUG - Loading uuids
2023-02-01 12:33:31,525 - instabot version: 0.117.0 (api_login) - INFO - Recovery from D:\PS\python-projects/config/esthetic__09_uuid_and_cookie.json: COOKIE True - UUIDs True - TIMING, DEVICE and ...
- user-agent=Instagram 117.0.0.28.123 Android (28/9.0; 420dpi; 1080x1920; OnePlus; ONEPLUS A3003; OnePlus3; qcom; en_US; 180322800)
- phone_id=d67cba5f-02cc-46b3-b90f-7e32cce81510
- uuid=d14ac379-6ed2-4e15-b435-cf73864f98cc
- client_session_id=2bc7fb61-d40f-456d-9bf6-32930c92b691
- device_id=android-896cd5ded373bd84
2023-02-01 12:33:31,528 - instabot version: 0.117.0 (api_login) - INFO - LOGIN FLOW! Just logged-in: False
2023-02-01 12:33:33,703 - instabot version: 0.117.0 (api) - DEBUG - POST to endpoint: feed/timeline/ returned response: <Response [200]>
2023-02-01 12:33:34,229 - instabot version: 0.117.0 (api) - DEBUG - POST to endpoint: feed/reels_tray/ returned response: <Response [200]>
2023-02-01 12:33:34,229 - instabot version: 0.117.0 (api) - INFO - Logged-in successfully as 'esthetic__09'!
2023-02-01 12:33:34,229 - instabot version: 0.117.0 (bot_checkpoint) - DEBUG - Loading Checkpoint file from: D:\PS\python-projects/config/esthetic__09.checkpoint
2023-02-01 12:33:35,238 - instabot version: 0.117.0 (api) - DEBUG - GET to endpoint: users/esthetic__09/usernameinfo/ returned response: <Response [200]>
2023-02-01 12:33:36,952 - instabot version: 0.117.0 (api) - DEBUG - GET to endpoint: users/50285782130/info/ returned response: <Response [200]>
2023-02-01 12:33:37,419 - instabot version: 0.117.0 (api) - DEBUG - GET to endpoint: friendships/50285782130/following/?max_id=&ig_sig_key_version=4&rank_token=50285782130_d14ac379-6ed2-4e15-b435-cf73864f98cc returned response: <Response [200]>
2023-02-01 12:33:38,283 - instabot version: 0.117.0 (api) - DEBUG - GET to endpoint: users/6898786619/info/ returned response: <Response [200]>
2023-02-01 12:33:39,102 - instabot version: 0.117.0 (api) - DEBUG - GET to endpoint: users/52921535064/info/ returned response: <Response [200]>
2023-02-01 12:33:39,921 - instabot version: 0.117.0 (api) - DEBUG - GET to endpoint: users/31087946456/info/ returned response: <Response [200]>
2023-02-01 12:33:40,741 - instabot version: 0.117.0 (api) - DEBUG - GET to endpoint: users/8556808504/info/ returned response: <Response [200]>
2023-02-01 12:33:40,782 - instabot version: 0.117.0 (bot_checkpoint) - DEBUG - Saving Checkpoint file to: D:\PS\python-projects/config/esthetic__09.checkpoint
2023-02-01 12:33:40,784 - instabot version: 0.117.0 (bot) - INFO - Total messages: 1/51
2023-02-01 12:33:40,784 - instabot version: 0.117.0 (bot) - INFO - Total requests: 80
