2023-02-01 12:07:58,206 - instabot version: 0.117.0 (bot) - INFO - Instabot version: 0.117.0 Started
2023-02-01 12:07:58,206 - instabot version: 0.117.0 (bot) - DEBUG - Bot imported from C:\Users\abdul\AppData\Local\Programs\Python\Python311\Lib\site-packages\instabot\bot\bot.py
2023-02-01 12:07:58,217 - instabot version: 0.117.0 (api_login) - DEBUG - Loading cookies
2023-02-01 12:07:58,217 - instabot version: 0.117.0 (api_login) - DEBUG - Loading uuids
2023-02-01 12:07:58,217 - instabot version: 0.117.0 (api_login) - INFO - Recovery from D:\PS\python-projects/config/esthetic__09_uuid_and_cookie.json: COOKIE True - UUIDs True - TIMING, DEVICE and ...
- user-agent=Instagram 117.0.0.28.123 Android (28/9.0; 420dpi; 1080x1920; OnePlus; ONEPLUS A3003; OnePlus3; qcom; en_US; 180322800)
- phone_id=d67cba5f-02cc-46b3-b90f-7e32cce81510
- uuid=d14ac379-6ed2-4e15-b435-cf73864f98cc
- client_session_id=2bc7fb61-d40f-456d-9bf6-32930c92b691
- device_id=android-896cd5ded373bd84
2023-02-01 12:07:58,217 - instabot version: 0.117.0 (api_login) - INFO - LOGIN FLOW! Just logged-in: False
2023-02-01 12:08:00,426 - instabot version: 0.117.0 (api) - DEBUG - POST to endpoint: feed/timeline/ returned response: <Response [200]>
2023-02-01 12:08:01,057 - instabot version: 0.117.0 (api) - DEBUG - POST to endpoint: feed/reels_tray/ returned response: <Response [200]>
2023-02-01 12:08:01,057 - instabot version: 0.117.0 (api) - INFO - Logged-in successfully as 'esthetic__09'!
2023-02-01 12:08:01,057 - instabot version: 0.117.0 (bot_checkpoint) - DEBUG - Loading Checkpoint file from: D:\PS\python-projects/config/esthetic__09.checkpoint
2023-02-01 12:08:01,527 - instabot version: 0.117.0 (api) - DEBUG - GET to endpoint: users/sahilkhankhan.khan/usernameinfo/ returned response: <Response [200]>
2023-02-01 12:08:02,273 - instabot version: 0.117.0 (api) - DEBUG - GET to endpoint: users/shazad8401/usernameinfo/ returned response: <Response [400]>
2023-02-01 12:08:02,273 - instabot version: 0.117.0 (api) - DEBUG - Responsecode indicates error; response content: b'{"message":"challenge_required","challenge":{"url":"https://i.instagram.com/challenge/?next=/api/v1/users/shazad8401/usernameinfo/","api_path":"/challenge/","hide_webview_header":true,"lock":true,"logout":false,"native_flow":true,"flow_render_type":0},"status":"fail"}'
2023-02-01 12:08:02,273 - instabot version: 0.117.0 (api) - ERROR - Request returns 400 error!
2023-02-01 12:08:02,273 - instabot version: 0.117.0 (api) - INFO - Instagram's error message: challenge_required
2023-02-01 12:08:02,280 - instabot version: 0.117.0 (api) - INFO - Instagram's error message: {}
2023-02-01 12:08:03,493 - instabot version: 0.117.0 (api) - DEBUG - GET to endpoint: users/hanzala_5_12_14/usernameinfo/ returned response: <Response [400]>
2023-02-01 12:08:03,493 - instabot version: 0.117.0 (api) - DEBUG - Responsecode indicates error; response content: b'{"message":"challenge_required","challenge":{"url":"https://i.instagram.com/challenge/?next=/api/v1/users/hanzala_5_12_14/usernameinfo/","api_path":"/challenge/","hide_webview_header":true,"lock":true,"logout":false,"native_flow":true,"flow_render_type":0},"status":"fail"}'
2023-02-01 12:08:03,493 - instabot version: 0.117.0 (api) - ERROR - Request returns 400 error!
2023-02-01 12:08:03,493 - instabot version: 0.117.0 (api) - INFO - Instagram's error message: challenge_required
2023-02-01 12:08:03,501 - instabot version: 0.117.0 (api) - INFO - Instagram's error message: {}
2023-02-01 12:08:03,950 - instabot version: 0.117.0 (bot_checkpoint) - DEBUG - Saving Checkpoint file to: D:\PS\python-projects/config/esthetic__09.checkpoint
2023-02-01 12:08:03,952 - instabot version: 0.117.0 (bot) - INFO - Total requests: 49
