2023-02-01 12:32:21,251 - instabot version: 0.117.0 (bot) - INFO - Instabot version: 0.117.0 Started
2023-02-01 12:32:21,251 - instabot version: 0.117.0 (bot) - DEBUG - Bot imported from C:\Users\abdul\AppData\Local\Programs\Python\Python311\Lib\site-packages\instabot\bot\bot.py
2023-02-01 12:32:21,259 - instabot version: 0.117.0 (api_login) - DEBUG - Loading cookies
2023-02-01 12:32:21,259 - instabot version: 0.117.0 (api_login) - DEBUG - Loading uuids
2023-02-01 12:32:21,259 - instabot version: 0.117.0 (api_login) - INFO - Recovery from D:\PS\python-projects/config/esthetic__09_uuid_and_cookie.json: COOKIE True - UUIDs True - TIMING, DEVICE and ...
- user-agent=Instagram 117.0.0.28.123 Android (28/9.0; 420dpi; 1080x1920; OnePlus; ONEPLUS A3003; OnePlus3; qcom; en_US; 180322800)
- phone_id=d67cba5f-02cc-46b3-b90f-7e32cce81510
- uuid=d14ac379-6ed2-4e15-b435-cf73864f98cc
- client_session_id=2bc7fb61-d40f-456d-9bf6-32930c92b691
- device_id=android-896cd5ded373bd84
2023-02-01 12:32:21,259 - instabot version: 0.117.0 (api_login) - INFO - LOGIN FLOW! Just logged-in: False
2023-02-01 12:32:23,734 - instabot version: 0.117.0 (api) - DEBUG - POST to endpoint: feed/timeline/ returned response: <Response [200]>
2023-02-01 12:32:24,287 - instabot version: 0.117.0 (api) - DEBUG - POST to endpoint: feed/reels_tray/ returned response: <Response [200]>
2023-02-01 12:32:24,292 - instabot version: 0.117.0 (api) - INFO - Logged-in successfully as 'esthetic__09'!
2023-02-01 12:32:24,297 - instabot version: 0.117.0 (bot_checkpoint) - DEBUG - Loading Checkpoint file from: D:\PS\python-projects/config/esthetic__09.checkpoint
2023-02-01 12:32:25,326 - instabot version: 0.117.0 (api) - DEBUG - GET to endpoint: users/esthetic__09/usernameinfo/ returned response: <Response [200]>
2023-02-01 12:32:26,899 - instabot version: 0.117.0 (api) - DEBUG - GET to endpoint: users/50285782130/info/ returned response: <Response [200]>
2023-02-01 12:32:28,645 - instabot version: 0.117.0 (api) - DEBUG - GET to endpoint: friendships/50285782130/following/?max_id=&ig_sig_key_version=4&rank_token=50285782130_d14ac379-6ed2-4e15-b435-cf73864f98cc returned response: <Response [200]>
2023-02-01 12:32:29,471 - instabot version: 0.117.0 (api) - DEBUG - GET to endpoint: users/6898786619/info/ returned response: <Response [200]>
2023-02-01 12:32:30,294 - instabot version: 0.117.0 (api) - DEBUG - GET to endpoint: users/52921535064/info/ returned response: <Response [200]>
2023-02-01 12:32:31,312 - instabot version: 0.117.0 (api) - DEBUG - GET to endpoint: users/31087946456/info/ returned response: <Response [200]>
2023-02-01 12:32:32,124 - instabot version: 0.117.0 (api) - DEBUG - GET to endpoint: users/8556808504/info/ returned response: <Response [200]>
2023-02-01 12:32:32,146 - instabot version: 0.117.0 (bot_checkpoint) - DEBUG - Saving Checkpoint file to: D:\PS\python-projects/config/esthetic__09.checkpoint
2023-02-01 12:32:32,146 - instabot version: 0.117.0 (bot) - INFO - Total messages: 1/81
2023-02-01 12:32:32,162 - instabot version: 0.117.0 (bot) - INFO - Total requests: 73
