2023-01-31 19:51:05,536 - instabot version: 0.117.0 (bot) - INFO - Instabot version: 0.117.0 Started
2023-01-31 19:51:05,536 - instabot version: 0.117.0 (bot) - DEBUG - Bot imported from C:\Users\abdul\AppData\Local\Programs\Python\Python311\Lib\site-packages\instabot\bot\bot.py
2023-01-31 19:51:05,553 - instabot version: 0.117.0 (api_login) - DEBUG - Loading cookies
2023-01-31 19:51:05,554 - instabot version: 0.117.0 (api_login) - DEBUG - Loading uuids
2023-01-31 19:51:05,555 - instabot version: 0.117.0 (api_login) - INFO - Recovery from D:\PS\python-projects/config/esthetic__09_uuid_and_cookie.json: COOKIE True - UUIDs True - TIMING, DEVICE and ...
- user-agent=Instagram 117.0.0.28.123 Android (28/9.0; 420dpi; 1080x1920; OnePlus; ONEPLUS A3003; OnePlus3; qcom; en_US; 180322800)
- phone_id=d67cba5f-02cc-46b3-b90f-7e32cce81510
- uuid=d14ac379-6ed2-4e15-b435-cf73864f98cc
- client_session_id=986a97aa-fa63-4637-8263-60ae386efe99
- device_id=android-896cd5ded373bd84
2023-01-31 19:51:05,557 - instabot version: 0.117.0 (api_login) - INFO - LOGIN FLOW! Just logged-in: False
2023-01-31 19:51:07,867 - instabot version: 0.117.0 (api) - DEBUG - POST to endpoint: feed/timeline/ returned response: <Response [200]>
2023-01-31 19:51:10,572 - instabot version: 0.117.0 (api) - DEBUG - POST to endpoint: feed/reels_tray/ returned response: <Response [200]>
2023-01-31 19:51:10,572 - instabot version: 0.117.0 (api) - INFO - Logged-in successfully as 'esthetic__09'!
2023-01-31 19:51:10,578 - instabot version: 0.117.0 (bot_checkpoint) - DEBUG - Loading Checkpoint file from: D:\PS\python-projects/config/esthetic__09.checkpoint
2023-01-31 19:51:33,791 - instabot version: 0.117.0 (api) - DEBUG - POST to endpoint: media/configure/? returned response: <Response [200]>
2023-01-31 19:51:34,614 - instabot version: 0.117.0 (api) - DEBUG - POST to endpoint: qe/expose/ returned response: <Response [200]>
2023-01-31 19:51:34,614 - instabot version: 0.117.0 (bot_photo) - INFO - Photo 'D:\PS\python-projects\Instagram Automation\ls.jpeg' is uploaded.
2023-01-31 19:51:34,614 - instabot version: 0.117.0 (bot_checkpoint) - DEBUG - Saving Checkpoint file to: D:\PS\python-projects/config/esthetic__09.checkpoint
2023-01-31 19:51:34,614 - instabot version: 0.117.0 (bot) - INFO - Total follows: 1/60
2023-01-31 19:51:34,626 - instabot version: 0.117.0 (bot) - INFO - Total requests: 39
